2023-08-03 17:23:12 DEBUG TelegramBot:31 - /start
2023-08-03 17:29:03 DEBUG TelegramBot:32 - hi
2023-08-03 17:29:03 ERROR TelegramBot:45 - org.telegram.telegrambots.meta.exceptions.TelegramApiRequestException: Unable to deserialize response
2023-08-03 17:29:05 DEBUG TelegramBot:32 - /start
2023-08-03 17:29:06 ERROR TelegramBot:45 - org.telegram.telegrambots.meta.exceptions.TelegramApiRequestException: Unable to deserialize response
2023-08-03 17:29:52 DEBUG TelegramBot:32 - h
2023-08-03 17:29:52 ERROR TelegramBot:46 - org.telegram.telegrambots.meta.exceptions.TelegramApiRequestException: Unable to deserialize response
2023-08-03 17:29:52 DEBUG TelegramBot:38 - Hi
2023-08-03 17:30:00 DEBUG TelegramBot:32 - g
2023-08-03 17:30:00 ERROR TelegramBot:46 - org.telegram.telegrambots.meta.exceptions.TelegramApiRequestException: Unable to deserialize response
2023-08-03 17:30:00 DEBUG TelegramBot:38 - Hi
2023-08-03 17:32:21 DEBUG TelegramBot:36 - null: hi
2023-08-03 17:32:21 ERROR TelegramBot:50 - org.telegram.telegrambots.meta.exceptions.TelegramApiRequestException: Unable to deserialize response
2023-08-03 17:33:49 DEBUG TelegramBot:36 - null: 123
2023-08-03 17:33:49 DEBUG TelegramBot:47 - Heos: Hi
2023-08-03 17:33:49 ERROR TelegramBot:50 - org.telegram.telegrambots.meta.exceptions.TelegramApiRequestException: Unable to deserialize response
2023-08-03 17:34:37 DEBUG TelegramBot:36 - null: 2
2023-08-03 17:34:37 DEBUG TelegramBot:47 - Heos: Hi
2023-08-03 17:34:37 ERROR TelegramBot:50 - org.telegram.telegrambots.meta.exceptions.TelegramApiRequestException: Unable to deserialize response
2023-08-03 17:35:13 DEBUG TelegramBot:36 - 1118441934: x
2023-08-03 17:35:13 DEBUG TelegramBot:47 - Heos: Hi
2023-08-03 17:35:13 ERROR TelegramBot:50 - org.telegram.telegrambots.meta.exceptions.TelegramApiRequestException: Unable to deserialize response
2023-08-03 17:37:45 DEBUG TelegramBot:35 - Dokatik: 2
2023-08-03 17:37:45 DEBUG TelegramBot:46 - Heos: Hi
2023-08-03 17:37:45 ERROR TelegramBot:49 - org.telegram.telegrambots.meta.exceptions.TelegramApiRequestException: Unable to deserialize response
2023-08-03 17:38:23 DEBUG TelegramBot:35 - Dokat: s
2023-08-03 17:38:23 DEBUG TelegramBot:46 - Heos: Hi
2023-08-03 17:38:23 ERROR TelegramBot:49 - org.telegram.telegrambots.meta.exceptions.TelegramApiRequestException: Unable to deserialize response
2023-08-03 17:42:55 DEBUG TelegramBot:35 - Dokat: /
2023-08-03 17:47:07 DEBUG TelegramBot:35 - squvkaa: /start
2023-08-03 17:47:07 DEBUG TelegramBot:46 - Heos: Hi
2023-08-03 17:47:07 ERROR TelegramBot:49 - org.telegram.telegrambots.meta.exceptions.TelegramApiRequestException: Unable to deserialize response
2023-08-03 17:47:07 DEBUG TelegramBot:35 - squvkaa: Ор
2023-08-03 17:47:07 DEBUG TelegramBot:46 - Heos: Hi
2023-08-03 17:47:07 ERROR TelegramBot:49 - org.telegram.telegrambots.meta.exceptions.TelegramApiRequestException: Unable to deserialize response
2023-08-03 17:47:07 DEBUG TelegramBot:35 - squvkaa: алала
2023-08-03 17:47:07 DEBUG TelegramBot:46 - Heos: Hi
2023-08-03 17:47:07 ERROR TelegramBot:49 - org.telegram.telegrambots.meta.exceptions.TelegramApiRequestException: Unable to deserialize response
2023-08-03 17:47:07 DEBUG TelegramBot:35 - squvkaa: Шпщ
2023-08-03 17:47:07 DEBUG TelegramBot:46 - Heos: Hi
2023-08-03 17:47:07 ERROR TelegramBot:49 - org.telegram.telegrambots.meta.exceptions.TelegramApiRequestException: Unable to deserialize response
2023-08-03 17:47:23 DEBUG TelegramBot:35 - squvkaa: Hi
2023-08-03 17:47:23 DEBUG TelegramBot:46 - Heos: Hi
2023-08-03 17:47:23 ERROR TelegramBot:49 - org.telegram.telegrambots.meta.exceptions.TelegramApiRequestException: Unable to deserialize response
2023-08-03 17:47:24 DEBUG TelegramBot:35 - squvkaa: Hi
2023-08-03 17:47:24 DEBUG TelegramBot:46 - Heos: Hi
2023-08-03 17:47:24 ERROR TelegramBot:49 - org.telegram.telegrambots.meta.exceptions.TelegramApiRequestException: Unable to deserialize response
2023-08-03 17:47:35 DEBUG TelegramBot:35 - squvkaa: Hi
2023-08-03 17:47:35 DEBUG TelegramBot:46 - Heos: Hi
2023-08-03 17:47:36 ERROR TelegramBot:49 - org.telegram.telegrambots.meta.exceptions.TelegramApiRequestException: Unable to deserialize response
2023-08-03 17:47:37 DEBUG TelegramBot:35 - squvkaa: Hi
2023-08-03 17:47:37 DEBUG TelegramBot:46 - Heos: Hi
2023-08-03 17:47:37 ERROR TelegramBot:49 - org.telegram.telegrambots.meta.exceptions.TelegramApiRequestException: Unable to deserialize response
2023-08-03 17:47:38 DEBUG TelegramBot:35 - squvkaa: Hi
2023-08-03 17:47:38 DEBUG TelegramBot:46 - Heos: Hi
2023-08-03 17:47:38 ERROR TelegramBot:49 - org.telegram.telegrambots.meta.exceptions.TelegramApiRequestException: Unable to deserialize response
2023-08-03 17:54:12 DEBUG TelegramBot:37 - Dokat: ю
2023-08-03 17:54:12 DEBUG TelegramBot:58 - Heos: Hi
2023-08-03 17:54:12 ERROR TelegramBot:61 - org.telegram.telegrambots.meta.exceptions.TelegramApiRequestException: Unable to deserialize response
2023-08-03 17:54:19 DEBUG TelegramBot:58 - Heos: null
2023-08-03 17:54:19 ERROR TelegramBot:61 - org.telegram.telegrambots.meta.exceptions.TelegramApiValidationException: ChatId parameter can't be empty in method: SendMessage(chatId=null, text=null, parseMode=null, disableWebPagePreview=null, disableNotification=null, replyToMessageId=null, replyMarkup=null, entities=null, allowSendingWithoutReply=null)
2023-08-03 17:54:53 DEBUG TelegramBot:37 - Dokat: s
2023-08-03 17:54:53 DEBUG TelegramBot:56 - Heos: Hi
2023-08-03 17:54:53 ERROR TelegramBot:59 - org.telegram.telegrambots.meta.exceptions.TelegramApiRequestException: Unable to deserialize response
2023-08-03 17:54:57 DEBUG TelegramBot:56 - Heos: null
2023-08-03 17:54:57 ERROR TelegramBot:59 - org.telegram.telegrambots.meta.exceptions.TelegramApiValidationException: ChatId parameter can't be empty in method: SendMessage(chatId=null, text=null, parseMode=null, disableWebPagePreview=null, disableNotification=null, replyToMessageId=null, replyMarkup=null, entities=null, allowSendingWithoutReply=null)
2023-08-03 17:58:18 DEBUG TelegramBot:37 - Dokat: 2
2023-08-03 17:58:18 DEBUG TelegramBot:56 - Heos: Hi
2023-08-03 17:58:18 ERROR TelegramBot:59 - org.telegram.telegrambots.meta.exceptions.TelegramApiRequestException: Unable to deserialize response
2023-08-03 17:58:23 DEBUG TelegramBot:56 - Heos: s
2023-08-03 17:58:23 ERROR TelegramBot:59 - org.telegram.telegrambots.meta.exceptions.TelegramApiRequestException: Unable to deserialize response
2023-08-03 18:08:07 DEBUG TelegramBot:37 - squvkaa: 123
2023-08-03 18:08:07 DEBUG TelegramBot:56 - Heos: Hi
2023-08-03 18:08:08 ERROR TelegramBot:59 - org.telegram.telegrambots.meta.exceptions.TelegramApiRequestException: Unable to deserialize response
2023-08-03 18:14:18 DEBUG TelegramBot:56 - Heos: на
2023-08-03 18:14:18 ERROR TelegramBot:59 - org.telegram.telegrambots.meta.exceptions.TelegramApiRequestException: Unable to deserialize response
2023-08-03 18:14:18 DEBUG TelegramBot:37 - squvkaa: попла
2023-08-03 18:14:18 DEBUG TelegramBot:56 - Heos: Hi
2023-08-03 18:14:18 ERROR TelegramBot:59 - org.telegram.telegrambots.meta.exceptions.TelegramApiRequestException: Unable to deserialize response
2023-08-03 18:14:29 DEBUG TelegramBot:56 - Heos: на-связи
2023-08-03 18:14:29 ERROR TelegramBot:59 - org.telegram.telegrambots.meta.exceptions.TelegramApiRequestException: Unable to deserialize response
2023-08-03 18:15:41 DEBUG TelegramBot:37 - Dokat: ю
2023-08-03 18:15:41 DEBUG TelegramBot:56 - Heos: Hi
2023-08-03 18:15:42 ERROR TelegramBot:59 - org.telegram.telegrambots.meta.exceptions.TelegramApiRequestException: Unable to deserialize response
2023-08-03 18:15:42 DEBUG TelegramBot:56 - Heos: пробелы-проебал
2023-08-03 18:15:42 ERROR TelegramBot:59 - org.telegram.telegrambots.meta.exceptions.TelegramApiRequestException: Unable to deserialize response
2023-08-03 18:17:09 DEBUG TelegramBot:37 - squvkaa: йо
2023-08-03 18:17:09 DEBUG TelegramBot:56 - Heos: Hi
2023-08-03 18:17:09 ERROR TelegramBot:59 - org.telegram.telegrambots.meta.exceptions.TelegramApiRequestException: Unable to deserialize response
2023-08-03 18:30:29 DEBUG TelegramBot:43 - Dokat: .
2023-08-03 18:30:48 DEBUG TelegramBot:43 - Dokat: /
2023-08-03 18:32:14 DEBUG TelegramBot:43 - Dokat: .
2023-08-03 18:33:27 DEBUG TelegramBot:44 - Dokat: .
2023-08-03 18:33:32 DEBUG TelegramBot:44 - Dokat: .
2023-08-03 18:33:37 DEBUG TelegramBot:60 - Heos: 2
2023-08-03 18:33:37 ERROR TelegramBot:63 - org.telegram.telegrambots.meta.exceptions.TelegramApiRequestException: Error sending message: [404] Not Found
2023-08-03 18:36:19 DEBUG TelegramBot:44 - Dokat: 2
2023-08-03 18:36:25 DEBUG TelegramBot:60 - Heos: pizda
2023-08-03 18:36:25 ERROR TelegramBot:63 - org.telegram.telegrambots.meta.exceptions.TelegramApiRequestException: Error sending message: [404] Not Found
2023-08-03 18:37:06 DEBUG TelegramBot:44 - Dokat: s
2023-08-03 18:37:10 DEBUG TelegramBot:64 - Heos: 2
2023-08-03 18:37:10 ERROR TelegramBot:67 - org.telegram.telegrambots.meta.exceptions.TelegramApiRequestException: Error sending message: [404] Not Found
2023-08-03 18:37:38 DEBUG TelegramBot:44 - Dokat: 2
2023-08-03 18:37:42 DEBUG TelegramBot:64 - Heos: 2
2023-08-03 18:37:42 ERROR TelegramBot:67 - org.telegram.telegrambots.meta.exceptions.TelegramApiRequestException: Error sending message: [404] Not Found
2023-08-03 18:38:24 DEBUG TelegramBot:44 - Dokat: 222222222222222222222222222222222222
2023-08-03 18:38:28 DEBUG TelegramBot:64 - Heos: 2
2023-08-03 18:38:28 ERROR TelegramBot:67 - org.telegram.telegrambots.meta.exceptions.TelegramApiRequestException: Error sending message: [404] Not Found
2023-08-03 18:38:51 DEBUG TelegramBot:44 - Dokat: 2
2023-08-03 18:38:56 DEBUG TelegramBot:64 - Heos: 2
2023-08-03 18:38:56 ERROR TelegramBot:67 - org.telegram.telegrambots.meta.exceptions.TelegramApiRequestException: Error sending message: [404] Not Found
2023-08-03 18:39:24 DEBUG TelegramBot:44 - Dokat: 2
2023-08-03 18:39:28 DEBUG TelegramBot:64 - Heos: pizda
2023-08-03 18:39:29 ERROR TelegramBot:67 - org.telegram.telegrambots.meta.exceptions.TelegramApiRequestException: Error sending message: [404] Not Found
2023-08-03 18:40:37 DEBUG TelegramBot:44 - Dokat: 2
2023-08-03 18:40:37 DEBUG TelegramBot:69 - Heos: Hi
2023-08-03 18:40:38 ERROR TelegramBot:72 - org.telegram.telegrambots.meta.exceptions.TelegramApiRequestException: Unable to deserialize response
2023-08-03 18:40:47 DEBUG TelegramBot:69 - Heos: p
2023-08-03 18:40:47 ERROR TelegramBot:72 - org.telegram.telegrambots.meta.exceptions.TelegramApiRequestException: Error sending message: [404] Not Found
2023-08-03 18:41:25 DEBUG TelegramBot:44 - Dokat: z
2023-08-03 18:41:25 DEBUG TelegramBot:69 - Heos: Hi
2023-08-03 18:41:25 ERROR TelegramBot:72 - org.telegram.telegrambots.meta.exceptions.TelegramApiRequestException: Unable to deserialize response
2023-08-03 18:41:43 DEBUG TelegramBot:44 - Dokat: 2
2023-08-03 18:41:43 DEBUG TelegramBot:69 - Heos: Hi
2023-08-03 18:41:43 ERROR TelegramBot:72 - org.telegram.telegrambots.meta.exceptions.TelegramApiRequestException: Unable to deserialize response
2023-08-03 18:41:45 DEBUG TelegramBot:69 - Heos: da
2023-08-03 18:41:45 ERROR TelegramBot:72 - org.telegram.telegrambots.meta.exceptions.TelegramApiRequestException: Error sending message: [404] Not Found
2023-08-05 12:14:59 DEBUG TelegramBot:44 - Dokat: /
2023-08-05 12:15:07 DEBUG TelegramBot:44 - Dokat: null
2023-08-05 12:15:15 DEBUG TelegramBot:44 - Dokat: 🫠
2023-08-05 12:15:25 DEBUG TelegramBot:44 - Dokat: null
2023-08-05 12:15:36 DEBUG TelegramBot:44 - Dokat: null
2023-08-05 12:17:05 DEBUG TelegramBot:44 - Dokat: 🫠
2023-08-05 12:17:11 DEBUG TelegramBot:44 - Dokat: null
2023-08-05 12:17:37 DEBUG TelegramBot:44 - Dokat: null
2023-08-05 12:17:45 DEBUG TelegramBot:44 - Dokat: /
2023-08-05 12:18:14 DEBUG TelegramBot:44 - Dokat: null
2023-08-05 12:27:17 ERROR UpdateController:28 - Received unsupported message type Update(updateId=553035301, message=null, inlineQuery=null, chosenInlineQuery=null, callbackQuery=null, editedMessage=Message(messageId=107, from=User(id=1118441934, firstName=Dokat, isBot=false, lastName=null, userName=Dokatik, languageCode=en, canJoinGroups=null, canReadAllGroupMessages=null, supportInlineQueries=null, isPremium=null, addedToAttachmentMenu=null), date=1691227633, chat=Chat(id=1118441934, type=private, title=null, firstName=Dokat, lastName=null, userName=Dokatik, photo=null, description=null, inviteLink=null, pinnedMessage=null, stickerSetName=null, canSetStickerSet=null, permissions=null, slowModeDelay=null, bio=null, linkedChatId=null, location=null, messageAutoDeleteTime=null, hasPrivateForwards=null, HasProtectedContent=null, joinToSendMessages=null, joinByRequest=null), forwardFrom=null, forwardFromChat=null, forwardDate=null, text=asa2, entities=null, captionEntities=null, audio=null, document=null, photo=null, sticker=null, video=null, contact=null, location=null, venue=null, animation=null, pinnedMessage=null, newChatMembers=[], leftChatMember=null, newChatTitle=null, newChatPhoto=null, deleteChatPhoto=null, groupchatCreated=null, replyToMessage=null, voice=null, caption=null, superGroupCreated=null, channelChatCreated=null, migrateToChatId=null, migrateFromChatId=null, editDate=1691227638, game=null, forwardFromMessageId=null, invoice=null, successfulPayment=null, videoNote=null, authorSignature=null, forwardSignature=null, mediaGroupId=null, connectedWebsite=null, passportData=null, forwardSenderName=null, poll=null, replyMarkup=null, dice=null, viaBot=null, senderChat=null, proximityAlertTriggered=null, messageAutoDeleteTimerChanged=null, isAutomaticForward=null, hasProtectedContent=null, webAppData=null, videoChatStarted=null, videoChatEnded=null, videoChatParticipantsInvited=null, videoChatScheduled=null), channelPost=null, editedChannelPost=null, shippingQuery=null, preCheckoutQuery=null, poll=null, pollAnswer=null, myChatMember=null, chatMember=null, chatJoinRequest=null)
2023-08-05 12:50:27 DEBUG TelegramBot:50 - Heos: Обработка
2023-08-05 12:50:36 DEBUG TelegramBot:50 - Heos: Обработка
2023-08-05 12:55:01 DEBUG TelegramBot:50 - Heos: Обработка
2023-08-05 13:27:59 DEBUG TelegramBot:50 - Heos: Test message
2023-08-05 13:28:00 DEBUG TelegramBot:50 - Heos: Test message
2023-08-05 13:28:38 DEBUG TelegramBot:50 - Heos: Test message
2023-08-05 13:29:55 DEBUG TelegramBot:50 - Heos: Test message
2023-08-05 13:30:13 DEBUG TelegramBot:50 - Heos: Test message
2023-08-05 13:30:59 DEBUG TelegramBot:50 - Heos: Test message
2023-08-05 13:33:55 DEBUG TelegramBot:50 - Heos: Test message
2023-08-05 13:38:49 DEBUG TelegramBot:50 - Heos: You stats: 
2023-08-05 13:38:53 DEBUG TelegramBot:50 - Heos: You stats: 
2023-08-05 13:38:58 DEBUG TelegramBot:50 - Heos: i dont now this command
2023-08-05 13:45:16 DEBUG TelegramBot:52 - Heos: i dont now this command
2023-08-05 13:45:16 DEBUG TelegramBot:68 - [ 1118441934 | @Dokatik | Dokat null ] Message(messageId=138, from=User(id=1118441934, firstName=Dokat, isBot=false, lastName=null, userName=Dokatik, languageCode=en, canJoinGroups=null, canReadAllGroupMessages=null, supportInlineQueries=null, isPremium=null, addedToAttachmentMenu=null), date=1691232316, chat=Chat(id=1118441934, type=private, title=null, firstName=Dokat, lastName=null, userName=Dokatik, photo=null, description=null, inviteLink=null, pinnedMessage=null, stickerSetName=null, canSetStickerSet=null, permissions=null, slowModeDelay=null, bio=null, linkedChatId=null, location=null, messageAutoDeleteTime=null, hasPrivateForwards=null, HasProtectedContent=null, joinToSendMessages=null, joinByRequest=null), forwardFrom=null, forwardFromChat=null, forwardDate=null, text=hi, entities=null, captionEntities=null, audio=null, document=null, photo=null, sticker=null, video=null, contact=null, location=null, venue=null, animation=null, pinnedMessage=null, newChatMembers=[], leftChatMember=null, newChatTitle=null, newChatPhoto=null, deleteChatPhoto=null, groupchatCreated=null, replyToMessage=null, voice=null, caption=null, superGroupCreated=null, channelChatCreated=null, migrateToChatId=null, migrateFromChatId=null, editDate=null, game=null, forwardFromMessageId=null, invoice=null, successfulPayment=null, videoNote=null, authorSignature=null, forwardSignature=null, mediaGroupId=null, connectedWebsite=null, passportData=null, forwardSenderName=null, poll=null, replyMarkup=null, dice=null, viaBot=null, senderChat=null, proximityAlertTriggered=null, messageAutoDeleteTimerChanged=null, isAutomaticForward=null, hasProtectedContent=null, webAppData=null, videoChatStarted=null, videoChatEnded=null, videoChatParticipantsInvited=null, videoChatScheduled=null)
2023-08-05 13:45:59 DEBUG TelegramBot:52 - Heos: i dont now this command
2023-08-05 13:45:59 DEBUG TelegramBot:68 - [ 1118441934 | @Dokatik | Dokat null ] hu
2023-08-05 13:46:39 DEBUG TelegramBot:52 - Heos: i dont now this command
2023-08-05 13:46:39 DEBUG TelegramBot:68 - [ 1118441934 | @Dokatik | Dokat null ] 😀
2023-08-05 13:47:11 DEBUG TelegramBot:52 - Heos: You stats: 
2023-08-05 13:47:11 DEBUG TelegramBot:68 - [ 1118441934 | @Dokatik | Dokat null ] /stats
2023-08-05 13:47:25 DEBUG TelegramBot:69 - [ 1118441934 | @Dokatik | Dokat null ] /stats
2023-08-05 13:47:25 DEBUG TelegramBot:52 - Heos: You stats: 
2023-08-05 13:49:49 DEBUG TelegramBot:70 - [ 1118441934 | @Dokatik | Dokat nullhttps://t.me/Dokatik ] /stats
2023-08-05 13:49:49 DEBUG TelegramBot:52 - Heos: You stats: 
2023-08-05 13:50:18 DEBUG TelegramBot:70 - [ 1118441934 | @Dokatik | Dokat null https://t.me/Dokatik ] /stats
2023-08-05 13:50:18 DEBUG TelegramBot:52 - Heos: You stats: 
2023-08-05 13:50:46 DEBUG TelegramBot:70 - [ 1118441934 | @Dokatik | Dokat null | https://t.me/Dokatik ] /stats
2023-08-05 13:50:46 DEBUG TelegramBot:52 - Heos: You stats: 
2023-08-05 14:09:51 DEBUG TelegramBot:70 - [ 1118441934 | @Dokatik | Dokat false | https://t.me/Dokatik ] 1
2023-08-05 14:13:48 DEBUG TelegramBot:70 - [ 1118441934 | @Dokatik | Dokat  | https://t.me/Dokatik ] 1
2023-08-05 16:54:09 DEBUG TelegramBot:70 - [ 1118441934 | @Dokatik | Dokat null | https://t.me/Dokatik ] 1
2023-08-05 17:03:59 DEBUG TelegramBot:70 - [ 1118441934 | @Dokatik | Dokat null | https://t.me/Dokatik ] 1
2023-08-05 17:12:44 DEBUG TelegramBot:69 - [ 1118441934 | @Dokatik | Dokat null | https://t.me/Dokatik ] 123123123
2023-08-05 17:12:44 DEBUG UpdateProducerService:13 - 123123123
2023-08-06 17:32:55 DEBUG TelegramBot:69 - [ 1118441934 | @Dokatik | Dokat null | https://t.me/Dokatik ] hi
2023-08-06 17:32:55 DEBUG UpdateProducerService:20 - hi
2023-08-06 17:33:24 DEBUG TelegramBot:69 - [ 1118441934 | @Dokatik | Dokat null | https://t.me/Dokatik ] null
2023-08-06 17:33:24 DEBUG UpdateProducerService:20 - 
2023-08-06 17:59:39 DEBUG ConsumerService:42 - NODE: You send photo
2023-08-06 17:59:39 DEBUG ConsumerService:24 - NODE: You send text
2023-08-06 18:00:06 DEBUG TelegramBot:69 - [ 1118441934 | @Dokatik | Dokat null | https://t.me/Dokatik ] hi
2023-08-06 18:00:06 DEBUG UpdateProducerService:20 - hi
2023-08-06 18:00:06 DEBUG ConsumerService:24 - NODE: You send text
2023-08-06 18:00:24 DEBUG TelegramBot:69 - [ 1118441934 | @Dokatik | Dokat null | https://t.me/Dokatik ] null
2023-08-06 18:00:24 DEBUG UpdateProducerService:20 - 
2023-08-06 18:00:24 DEBUG ConsumerService:42 - NODE: You send photo
2023-08-06 18:02:13 DEBUG TelegramBot:69 - [ 1118441934 | @Dokatik | Dokat null | https://t.me/Dokatik ] hi
2023-08-06 18:02:13 DEBUG UpdateProducerService:20 - hi
2023-08-06 18:02:39 DEBUG ConsumerService:24 - NODE: You send text
2023-08-06 18:05:59 DEBUG TelegramBot:69 - [ 1118441934 | @Dokatik | Dokat null | https://t.me/Dokatik ] hi
2023-08-06 18:05:59 DEBUG UpdateProducerService:20 - hi
2023-08-06 18:07:05 DEBUG TelegramBot:69 - [ 1118441934 | @Dokatik | Dokat null | https://t.me/Dokatik ] hi
2023-08-06 18:07:05 DEBUG UpdateProducerService:20 - hi
2023-08-06 18:11:17 DEBUG TelegramBot:69 - [ 1118441934 | @Dokatik | Dokat null | https://t.me/Dokatik ] hi
2023-08-06 18:11:17 DEBUG UpdateProducerService:20 - hi
2023-08-06 18:11:18 DEBUG TelegramBot:69 - [ 1118441934 | @Dokatik | Dokat null | https://t.me/Dokatik ] hi
2023-08-06 18:11:18 DEBUG UpdateProducerService:20 - hi
2023-08-06 18:12:02 DEBUG TelegramBot:69 - [ 1118441934 | @Dokatik | Dokat null | https://t.me/Dokatik ] hi
2023-08-06 18:12:02 DEBUG UpdateProducerService:20 - hi
2023-08-06 21:28:59 DEBUG TelegramBot:69 - [ 1118441934 | @Dokatik | Dokat null | https://t.me/Dokatik ] /stats
2023-08-06 21:28:59 DEBUG UpdateProducerService:20 - /stats
2023-08-06 21:30:39 DEBUG TelegramBot:69 - [ 1118441934 | @Dokatik | Dokat null | https://t.me/Dokatik ] /stats
2023-08-06 21:30:39 DEBUG UpdateProducerService:20 - /stats
2023-08-06 21:42:57 DEBUG TelegramBot:69 - [ 1118441934 | @Dokatik | Dokat null | https://t.me/Dokatik ] /stats
2023-08-06 21:42:57 DEBUG UpdateProducerService:20 - /stats
2023-08-06 21:43:00 DEBUG TelegramBot:69 - [ 1118441934 | @Dokatik | Dokat null | https://t.me/Dokatik ] /stats
2023-08-06 21:43:00 DEBUG UpdateProducerService:20 - /stats
2023-08-06 21:43:57 DEBUG TelegramBot:69 - [ 1118441934 | @Dokatik | Dokat null | https://t.me/Dokatik ] /stats
2023-08-06 21:43:57 DEBUG UpdateProducerService:20 - /stats
2023-08-06 21:44:23 DEBUG TelegramBot:69 - [ 1118441934 | @Dokatik | Dokat null | https://t.me/Dokatik ] /stats
2023-08-06 21:44:23 DEBUG UpdateProducerService:20 - /stats
2023-08-06 21:44:27 DEBUG TelegramBot:69 - [ 1118441934 | @Dokatik | Dokat null | https://t.me/Dokatik ] hi
2023-08-06 21:44:27 DEBUG UpdateProducerService:20 - hi
2023-08-06 21:44:54 DEBUG TelegramBot:69 - [ 1118441934 | @Dokatik | Dokat null | https://t.me/Dokatik ] /stats
2023-08-06 21:44:54 DEBUG UpdateProducerService:20 - /stats
2023-08-06 21:44:58 DEBUG TelegramBot:69 - [ 1118441934 | @Dokatik | Dokat null | https://t.me/Dokatik ] /
2023-08-06 21:44:58 DEBUG UpdateProducerService:20 - /
2023-08-06 21:45:01 DEBUG TelegramBot:69 - [ 1118441934 | @Dokatik | Dokat null | https://t.me/Dokatik ] .
2023-08-06 21:45:01 DEBUG UpdateProducerService:20 - .
2023-08-06 21:45:11 DEBUG TelegramBot:69 - [ 1118441934 | @Dokatik | Dokat null | https://t.me/Dokatik ] null
2023-08-06 21:46:38 DEBUG TelegramBot:69 - [ 1118441934 | @Dokatik | Dokat null | https://t.me/Dokatik ] null
2023-08-06 21:47:01 DEBUG TelegramBot:69 - [ 1118441934 | @Dokatik | Dokat null | https://t.me/Dokatik ] null
2023-08-06 21:47:38 DEBUG TelegramBot:69 - [ 1118441934 | @Dokatik | Dokat null | https://t.me/Dokatik ] null
2023-08-06 21:47:38 DEBUG UpdateProducerService:20 - 
2023-08-06 21:48:41 DEBUG TelegramBot:69 - [ 1118441934 | @Dokatik | Dokat null | https://t.me/Dokatik ] /stats
2023-08-06 21:48:41 DEBUG UpdateProducerService:20 - /stats
2023-08-06 21:48:46 DEBUG TelegramBot:69 - [ 1118441934 | @Dokatik | Dokat null | https://t.me/Dokatik ] null
2023-08-06 21:48:46 DEBUG UpdateProducerService:20 - 
2023-08-06 21:48:49 DEBUG TelegramBot:69 - [ 1118441934 | @Dokatik | Dokat null | https://t.me/Dokatik ] /
2023-08-06 21:48:49 DEBUG UpdateProducerService:20 - /
2023-08-06 21:48:50 DEBUG TelegramBot:69 - [ 1118441934 | @Dokatik | Dokat null | https://t.me/Dokatik ] .
2023-08-06 21:48:50 DEBUG UpdateProducerService:20 - .
2023-08-06 21:56:45 DEBUG TelegramBot:69 - [ 1118441934 | @Dokatik | Dokat null | https://t.me/Dokatik ] .
2023-08-06 21:56:45 DEBUG UpdateProducerService:20 - .
2023-08-06 21:57:33 DEBUG TelegramBot:69 - [ 1118441934 | @Dokatik | Dokat null | https://t.me/Dokatik ] .
2023-08-06 21:57:33 DEBUG UpdateProducerService:20 - .
2023-08-06 21:57:36 DEBUG TelegramBot:69 - [ 1118441934 | @Dokatik | Dokat null | https://t.me/Dokatik ] /
2023-08-06 21:57:36 DEBUG UpdateProducerService:20 - /
2023-08-06 21:57:41 DEBUG TelegramBot:69 - [ 1118441934 | @Dokatik | Dokat null | https://t.me/Dokatik ] /stats
2023-08-06 21:57:41 DEBUG UpdateProducerService:20 - /stats
2023-08-06 21:57:41 DEBUG UpdateProducerService:20 - /stats
2023-08-06 21:57:46 DEBUG TelegramBot:69 - [ 1118441934 | @Dokatik | Dokat null | https://t.me/Dokatik ] /stats
2023-08-06 21:57:46 DEBUG UpdateProducerService:20 - /stats
2023-08-06 21:57:46 DEBUG UpdateProducerService:20 - /stats
2023-08-06 21:58:39 DEBUG TelegramBot:69 - [ 1118441934 | @Dokatik | Dokat null | https://t.me/Dokatik ] /stats
2023-08-06 21:58:39 DEBUG UpdateProducerService:20 - /stats
2023-08-06 22:05:13 DEBUG TelegramBot:69 - [ 1118441934 | @Dokatik | Dokat null | https://t.me/Dokatik ] /stats
2023-08-06 22:05:13 DEBUG UpdateProducerService:20 - /stats
2023-08-06 22:05:16 DEBUG TelegramBot:69 - [ 1118441934 | @Dokatik | Dokat null | https://t.me/Dokatik ] /stats
2023-08-06 22:05:16 DEBUG UpdateProducerService:20 - /stats
2023-08-06 22:07:16 DEBUG TelegramBot:69 - [ 1118441934 | @Dokatik | Dokat null | https://t.me/Dokatik ] /stats
2023-08-06 22:07:16 DEBUG UpdateProducerService:20 - /stats
2023-08-07 14:23:49 DEBUG TelegramBot:69 - [ 1118441934 | @Dokatik | Dokat null | https://t.me/Dokatik ] hi
2023-08-07 14:23:49 DEBUG UpdateProducerService:20 - hi
2023-08-07 19:46:48 DEBUG TelegramBot:69 - [ 1118441934 | @Dokatik | Dokat null | https://t.me/Dokatik ] /registration
2023-08-07 19:46:48 DEBUG UpdateProducerService:20 - /registration
2023-08-07 19:52:58 DEBUG TelegramBot:69 - [ 1118441934 | @Dokatik | Dokat null | https://t.me/Dokatik ] /registration
2023-08-07 19:52:58 DEBUG UpdateProducerService:20 - /registration
2023-08-07 19:58:49 DEBUG TelegramBot:69 - [ 1118441934 | @Dokatik | Dokat null | https://t.me/Dokatik ] /registration
2023-08-07 19:58:49 DEBUG UpdateProducerService:20 - /registration
2023-08-07 19:59:09 DEBUG TelegramBot:69 - [ 1118441934 | @Dokatik | Dokat null | https://t.me/Dokatik ] /registration YfQM$@Fx)!!Bi4/q5)kv[#}mr;|0VAPjZzY$?T<5
2023-08-07 19:59:09 DEBUG UpdateProducerService:20 - /registration YfQM$@Fx)!!Bi4/q5)kv[#}mr;|0VAPjZzY$?T<5
2023-08-07 19:59:45 DEBUG TelegramBot:69 - [ 1118441934 | @Dokatik | Dokat null | https://t.me/Dokatik ] /registration YfQM$@Fx)!!Bi4/q5)kv[#}mr;|0VAPjZzY$?T<5
2023-08-07 19:59:45 DEBUG UpdateProducerService:20 - /registration YfQM$@Fx)!!Bi4/q5)kv[#}mr;|0VAPjZzY$?T<5
2023-08-07 20:00:14 DEBUG TelegramBot:69 - [ 1118441934 | @Dokatik | Dokat null | https://t.me/Dokatik ] /registration-dev YfQM$@Fx)!!Bi4/q5)kv[#}mr;|0VAPjZzY$?T<5
2023-08-07 20:00:14 DEBUG UpdateProducerService:20 - /registration-dev YfQM$@Fx)!!Bi4/q5)kv[#}mr;|0VAPjZzY$?T<5
2023-08-07 20:02:21 DEBUG TelegramBot:69 - [ 1118441934 | @Dokatik | Dokat null | https://t.me/Dokatik ] /registration-dev YfQM$@Fx)!!Bi4/q5)kv[#}mr;|0VAPjZzY$?T<5
2023-08-07 20:02:21 DEBUG UpdateProducerService:20 - /registration-dev YfQM$@Fx)!!Bi4/q5)kv[#}mr;|0VAPjZzY$?T<5
2023-08-07 20:02:57 DEBUG TelegramBot:69 - [ 1118441934 | @Dokatik | Dokat null | https://t.me/Dokatik ] /registration-dev w*%]Qq8oo-y)K2:5v;{]u*V#3Z(f2S?e{lJ:8$Do
2023-08-07 20:02:57 DEBUG UpdateProducerService:20 - /registration-dev w*%]Qq8oo-y)K2:5v;{]u*V#3Z(f2S?e{lJ:8$Do
2023-08-07 20:03:12 DEBUG TelegramBot:69 - [ 1118441934 | @Dokatik | Dokat null | https://t.me/Dokatik ] /registration-dev w*%]Qq8oo-y)K2:5v;{]u*V#3Z(f2S?e{lJ:8$Do
2023-08-07 20:03:12 DEBUG UpdateProducerService:20 - /registration-dev w*%]Qq8oo-y)K2:5v;{]u*V#3Z(f2S?e{lJ:8$Do
2023-08-07 20:04:44 DEBUG TelegramBot:69 - [ 1118441934 | @Dokatik | Dokat null | https://t.me/Dokatik ] /registration-dev
2023-08-07 20:04:44 DEBUG UpdateProducerService:20 - /registration-dev
2023-08-07 20:05:22 DEBUG TelegramBot:69 - [ 1118441934 | @Dokatik | Dokat null | https://t.me/Dokatik ] /registration-dev 1
2023-08-07 20:05:22 DEBUG UpdateProducerService:20 - /registration-dev 1
2023-08-07 20:05:27 DEBUG TelegramBot:69 - [ 1118441934 | @Dokatik | Dokat null | https://t.me/Dokatik ] /registration-dev 1
2023-08-07 20:05:27 DEBUG UpdateProducerService:20 - /registration-dev 1
2023-08-07 20:06:32 ERROR TelegramBot:74 - Message is null
2023-08-07 20:06:32 ERROR UpdateController:40 - Received unsupported message type Update(updateId=553035382, message=null, inlineQuery=null, chosenInlineQuery=null, callbackQuery=null, editedMessage=Message(messageId=244, from=User(id=1118441934, firstName=Dokat, isBot=false, lastName=null, userName=Dokatik, languageCode=en, canJoinGroups=null, canReadAllGroupMessages=null, supportInlineQueries=null, isPremium=null, addedToAttachmentMenu=null), date=1691427928, chat=Chat(id=1118441934, type=private, title=null, firstName=Dokat, lastName=null, userName=Dokatik, photo=null, description=null, inviteLink=null, pinnedMessage=null, stickerSetName=null, canSetStickerSet=null, permissions=null, slowModeDelay=null, bio=null, linkedChatId=null, location=null, messageAutoDeleteTime=null, hasPrivateForwards=null, HasProtectedContent=null, joinToSendMessages=null, joinByRequest=null), forwardFrom=null, forwardFromChat=null, forwardDate=null, text=/registration 1, entities=[MessageEntity(type=bot_command, offset=0, length=13, url=null, user=null, language=null, text=/registration)], captionEntities=null, audio=null, document=null, photo=null, sticker=null, video=null, contact=null, location=null, venue=null, animation=null, pinnedMessage=null, newChatMembers=[], leftChatMember=null, newChatTitle=null, newChatPhoto=null, deleteChatPhoto=null, groupchatCreated=null, replyToMessage=null, voice=null, caption=null, superGroupCreated=null, channelChatCreated=null, migrateToChatId=null, migrateFromChatId=null, editDate=1691427992, game=null, forwardFromMessageId=null, invoice=null, successfulPayment=null, videoNote=null, authorSignature=null, forwardSignature=null, mediaGroupId=null, connectedWebsite=null, passportData=null, forwardSenderName=null, poll=null, replyMarkup=null, dice=null, viaBot=null, senderChat=null, proximityAlertTriggered=null, messageAutoDeleteTimerChanged=null, isAutomaticForward=null, hasProtectedContent=null, webAppData=null, videoChatStarted=null, videoChatEnded=null, videoChatParticipantsInvited=null, videoChatScheduled=null), channelPost=null, editedChannelPost=null, shippingQuery=null, preCheckoutQuery=null, poll=null, pollAnswer=null, myChatMember=null, chatMember=null, chatJoinRequest=null)
2023-08-07 20:06:45 DEBUG TelegramBot:69 - [ 1118441934 | @Dokatik | Dokat null | https://t.me/Dokatik ] .
2023-08-07 20:06:45 DEBUG UpdateProducerService:20 - .
2023-08-07 20:06:54 DEBUG TelegramBot:69 - [ 1118441934 | @Dokatik | Dokat null | https://t.me/Dokatik ] registration 1
2023-08-07 20:06:54 DEBUG UpdateProducerService:20 - registration 1
2023-08-07 20:06:58 DEBUG TelegramBot:69 - [ 1118441934 | @Dokatik | Dokat null | https://t.me/Dokatik ] /registration 1
2023-08-07 20:06:58 DEBUG UpdateProducerService:20 - /registration 1
2023-08-07 20:08:03 DEBUG TelegramBot:69 - [ 1118441934 | @Dokatik | Dokat null | https://t.me/Dokatik ] /registration-dev 1
2023-08-07 20:08:03 DEBUG UpdateProducerService:20 - /registration-dev 1
2023-08-07 20:08:06 ERROR TelegramBot:74 - Message is null
2023-08-07 20:08:06 ERROR UpdateController:40 - Received unsupported message type Update(updateId=553035387, message=null, inlineQuery=null, chosenInlineQuery=null, callbackQuery=null, editedMessage=Message(messageId=249, from=User(id=1118441934, firstName=Dokat, isBot=false, lastName=null, userName=Dokatik, languageCode=en, canJoinGroups=null, canReadAllGroupMessages=null, supportInlineQueries=null, isPremium=null, addedToAttachmentMenu=null), date=1691428083, chat=Chat(id=1118441934, type=private, title=null, firstName=Dokat, lastName=null, userName=Dokatik, photo=null, description=null, inviteLink=null, pinnedMessage=null, stickerSetName=null, canSetStickerSet=null, permissions=null, slowModeDelay=null, bio=null, linkedChatId=null, location=null, messageAutoDeleteTime=null, hasPrivateForwards=null, HasProtectedContent=null, joinToSendMessages=null, joinByRequest=null), forwardFrom=null, forwardFromChat=null, forwardDate=null, text=/registration 1, entities=[MessageEntity(type=bot_command, offset=0, length=13, url=null, user=null, language=null, text=/registration)], captionEntities=null, audio=null, document=null, photo=null, sticker=null, video=null, contact=null, location=null, venue=null, animation=null, pinnedMessage=null, newChatMembers=[], leftChatMember=null, newChatTitle=null, newChatPhoto=null, deleteChatPhoto=null, groupchatCreated=null, replyToMessage=null, voice=null, caption=null, superGroupCreated=null, channelChatCreated=null, migrateToChatId=null, migrateFromChatId=null, editDate=1691428087, game=null, forwardFromMessageId=null, invoice=null, successfulPayment=null, videoNote=null, authorSignature=null, forwardSignature=null, mediaGroupId=null, connectedWebsite=null, passportData=null, forwardSenderName=null, poll=null, replyMarkup=null, dice=null, viaBot=null, senderChat=null, proximityAlertTriggered=null, messageAutoDeleteTimerChanged=null, isAutomaticForward=null, hasProtectedContent=null, webAppData=null, videoChatStarted=null, videoChatEnded=null, videoChatParticipantsInvited=null, videoChatScheduled=null), channelPost=null, editedChannelPost=null, shippingQuery=null, preCheckoutQuery=null, poll=null, pollAnswer=null, myChatMember=null, chatMember=null, chatJoinRequest=null)
2023-08-07 20:08:08 DEBUG TelegramBot:69 - [ 1118441934 | @Dokatik | Dokat null | https://t.me/Dokatik ] /registration 1
2023-08-07 20:08:08 DEBUG UpdateProducerService:20 - /registration 1
2023-08-07 20:08:10 DEBUG TelegramBot:69 - [ 1118441934 | @Dokatik | Dokat null | https://t.me/Dokatik ] /registration 1
2023-08-07 20:08:10 DEBUG UpdateProducerService:20 - /registration 1
2023-08-07 20:08:10 DEBUG TelegramBot:69 - [ 1118441934 | @Dokatik | Dokat null | https://t.me/Dokatik ] /registration 1
2023-08-07 20:08:10 DEBUG UpdateProducerService:20 - /registration 1
2023-08-07 20:08:11 DEBUG TelegramBot:69 - [ 1118441934 | @Dokatik | Dokat null | https://t.me/Dokatik ] /registration 1
2023-08-07 20:08:11 DEBUG UpdateProducerService:20 - /registration 1
2023-08-07 20:08:21 DEBUG TelegramBot:69 - [ 1118441934 | @Dokatik | Dokat null | https://t.me/Dokatik ] /registration 1
2023-08-07 20:08:21 DEBUG UpdateProducerService:20 - /registration 1
2023-08-07 20:09:20 DEBUG TelegramBot:69 - [ 1118441934 | @Dokatik | Dokat null | https://t.me/Dokatik ] /registration 1
2023-08-07 20:09:20 DEBUG UpdateProducerService:20 - /registration 1
2023-08-07 20:09:47 DEBUG TelegramBot:69 - [ 1118441934 | @Dokatik | Dokat null | https://t.me/Dokatik ] /registration-dev 1
2023-08-07 20:09:47 DEBUG UpdateProducerService:20 - /registration-dev 1
2023-08-07 20:09:52 DEBUG TelegramBot:69 - [ 1118441934 | @Dokatik | Dokat null | https://t.me/Dokatik ] /registration-dev 1
2023-08-07 20:09:52 DEBUG UpdateProducerService:20 - /registration-dev 1
2023-08-07 20:10:13 DEBUG TelegramBot:69 - [ 1118441934 | @Dokatik | Dokat null | https://t.me/Dokatik ] /registration-dev 1
2023-08-07 20:10:13 DEBUG UpdateProducerService:20 - /registration-dev 1
2023-08-07 20:10:28 DEBUG TelegramBot:69 - [ 1118441934 | @Dokatik | Dokat null | https://t.me/Dokatik ] /registration-dev 1
2023-08-07 20:10:28 DEBUG UpdateProducerService:20 - /registration-dev 1
2023-08-07 20:10:32 DEBUG TelegramBot:69 - [ 1118441934 | @Dokatik | Dokat null | https://t.me/Dokatik ] /registration-dev 1
2023-08-07 20:10:32 DEBUG UpdateProducerService:20 - /registration-dev 1
2023-08-07 20:11:13 DEBUG TelegramBot:69 - [ 1118441934 | @Dokatik | Dokat null | https://t.me/Dokatik ] /registration-dev E,DfE53a!I[N=1QJs34h_=I0M$r&YrJ>IkePv,2_
2023-08-07 20:11:13 DEBUG UpdateProducerService:20 - /registration-dev E,DfE53a!I[N=1QJs34h_=I0M$r&YrJ>IkePv,2_
2023-08-07 20:11:19 DEBUG TelegramBot:69 - [ 1118441934 | @Dokatik | Dokat null | https://t.me/Dokatik ] /registration-dev E,DfE53a!I[N=1QJs34h_=I0M$r&YrJ>IkePv,2_
2023-08-07 20:11:19 DEBUG UpdateProducerService:20 - /registration-dev E,DfE53a!I[N=1QJs34h_=I0M$r&YrJ>IkePv,2_
2023-08-07 20:11:21 DEBUG TelegramBot:69 - [ 1118441934 | @Dokatik | Dokat null | https://t.me/Dokatik ] /registration-dev E,DfE53a!I[N=1QJs34h_=I0M$r&YrJ>IkePv,2_
2023-08-07 20:11:21 DEBUG UpdateProducerService:20 - /registration-dev E,DfE53a!I[N=1QJs34h_=I0M$r&YrJ>IkePv,2_
2023-08-07 20:11:21 DEBUG TelegramBot:69 - [ 1118441934 | @Dokatik | Dokat null | https://t.me/Dokatik ] /registration-dev E,DfE53a!I[N=1QJs34h_=I0M$r&YrJ>IkePv,2_
2023-08-07 20:11:21 DEBUG UpdateProducerService:20 - /registration-dev E,DfE53a!I[N=1QJs34h_=I0M$r&YrJ>IkePv,2_
2023-08-07 20:11:22 DEBUG TelegramBot:69 - [ 1118441934 | @Dokatik | Dokat null | https://t.me/Dokatik ] /registration-dev E,DfE53a!I[N=1QJs34h_=I0M$r&YrJ>IkePv,2_
2023-08-07 20:11:22 DEBUG UpdateProducerService:20 - /registration-dev E,DfE53a!I[N=1QJs34h_=I0M$r&YrJ>IkePv,2_
2023-08-07 20:11:22 DEBUG TelegramBot:69 - [ 1118441934 | @Dokatik | Dokat null | https://t.me/Dokatik ] /registration-dev E,DfE53a!I[N=1QJs34h_=I0M$r&YrJ>IkePv,2_
2023-08-07 20:11:22 DEBUG UpdateProducerService:20 - /registration-dev E,DfE53a!I[N=1QJs34h_=I0M$r&YrJ>IkePv,2_
2023-08-07 20:11:23 DEBUG TelegramBot:69 - [ 1118441934 | @Dokatik | Dokat null | https://t.me/Dokatik ] /registration-dev E,DfE53a!I[N=1QJs34h_=I0M$r&YrJ>IkePv,2_
2023-08-07 20:11:23 DEBUG UpdateProducerService:20 - /registration-dev E,DfE53a!I[N=1QJs34h_=I0M$r&YrJ>IkePv,2_
2023-08-07 20:11:28 DEBUG TelegramBot:69 - [ 1118441934 | @Dokatik | Dokat null | https://t.me/Dokatik ] /registration-dev 1
2023-08-07 20:11:28 DEBUG UpdateProducerService:20 - /registration-dev 1
2023-08-07 20:11:52 DEBUG TelegramBot:69 - [ 1118441934 | @Dokatik | Dokat null | https://t.me/Dokatik ] hi from caht
2023-08-07 20:11:52 DEBUG UpdateProducerService:20 - hi from caht
2023-08-07 20:14:00 DEBUG TelegramBot:69 - [ 1118441934 | @Dokatik | Dokat null | https://t.me/Dokatik ] /registration-dev mnL<IFA>tD6Ly1D(GLO^
2023-08-07 20:14:00 DEBUG UpdateProducerService:20 - /registration-dev mnL<IFA>tD6Ly1D(GLO^
2023-08-07 20:14:09 DEBUG TelegramBot:69 - [ 1118441934 | @Dokatik | Dokat null | https://t.me/Dokatik ] /registration-dev mnL<IFA>tD6Ly1D(GLO^
2023-08-07 20:14:09 DEBUG UpdateProducerService:20 - /registration-dev mnL<IFA>tD6Ly1D(GLO^
2023-08-07 20:14:14 DEBUG TelegramBot:69 - [ 1118441934 | @Dokatik | Dokat null | https://t.me/Dokatik ] /registration-dev mnL<IFA>tD6Ly1D(GLO^
2023-08-07 20:14:14 DEBUG UpdateProducerService:20 - /registration-dev mnL<IFA>tD6Ly1D(GLO^
2023-08-07 20:14:14 DEBUG TelegramBot:69 - [ 1118441934 | @Dokatik | Dokat null | https://t.me/Dokatik ] /registration-dev mnL<IFA>tD6Ly1D(GLO^
2023-08-07 20:14:14 DEBUG UpdateProducerService:20 - /registration-dev mnL<IFA>tD6Ly1D(GLO^
2023-08-07 20:15:23 DEBUG TelegramBot:69 - [ 1118441934 | @Dokatik | Dokat null | https://t.me/Dokatik ] /registration-dev mGQQjeKJeOYAcakDbIQB
2023-08-07 20:15:23 DEBUG UpdateProducerService:20 - /registration-dev mGQQjeKJeOYAcakDbIQB
2023-08-07 20:15:24 DEBUG TelegramBot:69 - [ 1118441934 | @Dokatik | Dokat null | https://t.me/Dokatik ] /registration-dev mGQQjeKJeOYAcakDbIQB
2023-08-07 20:15:24 DEBUG UpdateProducerService:20 - /registration-dev mGQQjeKJeOYAcakDbIQB
2023-08-07 20:15:26 DEBUG TelegramBot:69 - [ 1118441934 | @Dokatik | Dokat null | https://t.me/Dokatik ] /registration-dev mGQQjeKJeOYAcakDbIQB
2023-08-07 20:15:26 DEBUG UpdateProducerService:20 - /registration-dev mGQQjeKJeOYAcakDbIQB
2023-08-07 20:15:26 DEBUG TelegramBot:69 - [ 1118441934 | @Dokatik | Dokat null | https://t.me/Dokatik ] /registration-dev mGQQjeKJeOYAcakDbIQB
2023-08-07 20:15:26 DEBUG UpdateProducerService:20 - /registration-dev mGQQjeKJeOYAcakDbIQB
2023-08-07 20:16:03 DEBUG TelegramBot:69 - [ 1118441934 | @Dokatik | Dokat null | https://t.me/Dokatik ] /registration icfVkJBbGFfGBidlDJmS
2023-08-07 20:16:03 DEBUG UpdateProducerService:20 - /registration icfVkJBbGFfGBidlDJmS
2023-08-07 20:16:05 DEBUG TelegramBot:69 - [ 1118441934 | @Dokatik | Dokat null | https://t.me/Dokatik ] /registration icfVkJBbGFfGBidlDJmS
2023-08-07 20:16:05 DEBUG UpdateProducerService:20 - /registration icfVkJBbGFfGBidlDJmS
2023-08-07 20:19:09 DEBUG TelegramBot:69 - [ 1118441934 | @Dokatik | Dokat null | https://t.me/Dokatik ] /registration
2023-08-07 20:19:09 DEBUG UpdateProducerService:20 - /registration
2023-08-07 20:19:11 DEBUG TelegramBot:69 - [ 1118441934 | @Dokatik | Dokat null | https://t.me/Dokatik ] /registration
2023-08-07 20:19:11 DEBUG UpdateProducerService:20 - /registration
2023-08-07 20:19:29 DEBUG TelegramBot:69 - [ 1118441934 | @Dokatik | Dokat null | https://t.me/Dokatik ] /registration
2023-08-07 20:19:29 DEBUG UpdateProducerService:20 - /registration
2023-08-07 20:19:32 DEBUG TelegramBot:69 - [ 1118441934 | @Dokatik | Dokat null | https://t.me/Dokatik ] /registration
2023-08-07 20:19:32 DEBUG UpdateProducerService:20 - /registration
2023-08-07 20:19:33 DEBUG TelegramBot:69 - [ 1118441934 | @Dokatik | Dokat null | https://t.me/Dokatik ] /registration
2023-08-07 20:19:33 DEBUG UpdateProducerService:20 - /registration
2023-08-07 20:21:49 DEBUG TelegramBot:69 - [ 1118441934 | @Dokatik | Dokat null | https://t.me/Dokatik ] /registration
2023-08-07 20:21:49 DEBUG UpdateProducerService:20 - /registration
2023-08-07 20:22:33 DEBUG TelegramBot:69 - [ 1118441934 | @Dokatik | Dokat null | https://t.me/Dokatik ] /registration
2023-08-07 20:22:33 DEBUG UpdateProducerService:20 - /registration
2023-08-07 20:23:52 DEBUG TelegramBot:69 - [ 1118441934 | @Dokatik | Dokat null | https://t.me/Dokatik ] /registration dD1
2023-08-07 20:23:52 DEBUG UpdateProducerService:20 - /registration dD1
2023-08-07 20:43:25 DEBUG TelegramBot:69 - [ 1118441934 | @Dokatik | Dokat null | https://t.me/Dokatik ] /registration
2023-08-07 20:43:25 DEBUG UpdateProducerService:20 - /registration
2023-08-07 20:44:23 DEBUG TelegramBot:69 - [ 1118441934 | @Dokatik | Dokat null | https://t.me/Dokatik ] /registration dD1
2023-08-07 20:44:23 DEBUG UpdateProducerService:20 - /registration dD1
2023-08-07 20:45:44 DEBUG TelegramBot:69 - [ 1118441934 | @Dokatik | Dokat null | https://t.me/Dokatik ] /registration
2023-08-07 20:45:44 DEBUG UpdateProducerService:20 - /registration
2023-08-07 20:46:49 DEBUG TelegramBot:69 - [ 1118441934 | @Dokatik | Dokat null | https://t.me/Dokatik ] /registration
2023-08-07 20:46:49 DEBUG UpdateProducerService:20 - /registration
2023-08-07 20:46:56 DEBUG TelegramBot:69 - [ 1118441934 | @Dokatik | Dokat null | https://t.me/Dokatik ] /registration
2023-08-07 20:46:56 DEBUG UpdateProducerService:20 - /registration
2023-08-07 21:01:15 DEBUG TelegramBot:69 - [ 1118441934 | @Dokatik | Dokat null | https://t.me/Dokatik ] /registration
2023-08-07 21:01:15 DEBUG UpdateProducerService:20 - /registration
2023-08-07 21:01:30 DEBUG TelegramBot:69 - [ 1118441934 | @Dokatik | Dokat null | https://t.me/Dokatik ] фвфывфф
2023-08-07 21:01:30 DEBUG UpdateProducerService:20 - фвфывфф
2023-08-07 21:32:19 DEBUG TelegramBot:69 - [ 1118441934 | @Dokatik | Dokat null | https://t.me/Dokatik ] /registration
2023-08-07 21:32:19 DEBUG UpdateProducerService:20 - /registration
2023-08-07 21:35:18 DEBUG TelegramBot:69 - [ 1118441934 | @Dokatik | Dokat null | https://t.me/Dokatik ] /registration
2023-08-07 21:35:18 DEBUG UpdateProducerService:20 - /registration
2023-08-07 21:35:46 DEBUG TelegramBot:69 - [ 1118441934 | @Dokatik | Dokat null | https://t.me/Dokatik ] asd
2023-08-07 21:35:46 DEBUG UpdateProducerService:20 - asd
2023-08-07 21:37:08 DEBUG TelegramBot:69 - [ 1118441934 | @Dokatik | Dokat null | https://t.me/Dokatik ] /registration
2023-08-07 21:37:08 DEBUG UpdateProducerService:20 - /registration
2023-08-07 21:37:35 DEBUG TelegramBot:69 - [ 1118441934 | @Dokatik | Dokat null | https://t.me/Dokatik ] /registration
2023-08-07 21:37:35 DEBUG UpdateProducerService:20 - /registration
2023-08-07 21:42:40 DEBUG TelegramBot:69 - [ 1118441934 | @Dokatik | Dokat null | https://t.me/Dokatik ] /registration
2023-08-07 21:42:40 DEBUG UpdateProducerService:20 - /registration
2023-09-04 22:03:24 DEBUG TelegramBot:69 - [ 1118441934 | @Dokatik | Dokat null | https://t.me/Dokatik ] ю
2023-09-04 22:03:24 DEBUG UpdateProducerService:20 - ю
2023-09-04 22:06:23 DEBUG TelegramBot:69 - [ 1118441934 | @Dokatik | Dokat null | https://t.me/Dokatik ] .
2023-09-04 22:06:23 DEBUG UpdateProducerService:20 - .
2023-09-05 22:33:39 DEBUG TelegramBot:69 - [ 1118441934 | @Dokatik | Dokat null | https://t.me/Dokatik ] G
2023-09-05 22:33:39 DEBUG UpdateProducerService:20 - G
2023-09-05 22:42:28 DEBUG TelegramBot:69 - [ 1118441934 | @Dokatik | Dokat null | https://t.me/Dokatik ] M
2023-09-05 22:42:28 DEBUG UpdateProducerService:20 - M
2023-09-05 22:44:26 DEBUG TelegramBot:69 - [ 1118441934 | @Dokatik | Dokat null | https://t.me/Dokatik ] M
2023-09-05 22:44:26 DEBUG UpdateProducerService:20 - M
2023-09-05 22:46:06 DEBUG TelegramBot:69 - [ 1118441934 | @Dokatik | Dokat null | https://t.me/Dokatik ] M
2023-09-05 22:46:06 DEBUG UpdateProducerService:20 - M
2023-09-05 22:46:30 DEBUG TelegramBot:69 - [ 1118441934 | @Dokatik | Dokat null | https://t.me/Dokatik ] M
2023-09-05 22:46:30 DEBUG UpdateProducerService:20 - M
2023-09-07 06:20:08 DEBUG TelegramBot:69 - [ 1118441934 | @Dokatik | Dokat null | https://t.me/Dokatik ] dokat
2023-09-07 06:20:08 DEBUG UpdateProducerService:20 - dokat
2023-09-07 06:21:37 DEBUG TelegramBot:69 - [ 1118441934 | @Dokatik | Dokat null | https://t.me/Dokatik ] Dokat
2023-09-07 06:21:37 DEBUG UpdateProducerService:20 - Dokat
2023-09-07 06:24:57 DEBUG TelegramBot:69 - [ 1118441934 | @Dokatik | Dokat null | https://t.me/Dokatik ] s
2023-09-07 06:24:57 DEBUG UpdateProducerService:20 - s
2023-09-07 06:27:14 DEBUG TelegramBot:69 - [ 1118441934 | @Dokatik | Dokat null | https://t.me/Dokatik ] s
2023-09-07 06:27:14 DEBUG UpdateProducerService:20 - s
2023-09-07 06:28:48 DEBUG TelegramBot:69 - [ 1118441934 | @Dokatik | Dokat null | https://t.me/Dokatik ] s
2023-09-07 06:28:48 DEBUG UpdateProducerService:20 - s
